  main.cpp
  Generating code
  0 of 3045 functions ( 0.0%) were compiled, the rest were copied from previous compilation.
    0 functions were new in current compilation
    0 functions had inline decision re-evaluated but remain unchanged
  Finished generating code
imgui.obj : warning LNK4020: a type record in 'd:\agh ust\thesis\project\project\release\vc141.pdb' is corrupted; some symbols and types may not be accessible from the debugger
imgui_demo.obj : warning LNK4020: a type record in 'd:\agh ust\thesis\project\project\release\vc141.pdb' is corrupted; some symbols and types may not be accessible from the debugger
imgui_draw.obj : warning LNK4020: a type record in 'd:\agh ust\thesis\project\project\release\vc141.pdb' is corrupted; some symbols and types may not be accessible from the debugger
imgui_impl_glfw.obj : warning LNK4020: a type record in 'd:\agh ust\thesis\project\project\release\vc141.pdb' is corrupted; some symbols and types may not be accessible from the debugger
imgui_impl_opengl3.obj : warning LNK4020: a type record in 'd:\agh ust\thesis\project\project\release\vc141.pdb' is corrupted; some symbols and types may not be accessible from the debugger
imgui_tables.obj : warning LNK4020: a type record in 'd:\agh ust\thesis\project\project\release\vc141.pdb' is corrupted; some symbols and types may not be accessible from the debugger
imgui_widgets.obj : warning LNK4020: a type record in 'd:\agh ust\thesis\project\project\release\vc141.pdb' is corrupted; some symbols and types may not be accessible from the debugger
app.obj : warning LNK4020: a type record in 'd:\agh ust\thesis\project\project\release\vc141.pdb' is corrupted; some symbols and types may not be accessible from the debugger
camera.obj : warning LNK4020: a type record in 'd:\agh ust\thesis\project\project\release\vc141.pdb' is corrupted; some symbols and types may not be accessible from the debugger
gui.obj : warning LNK4020: a type record in 'd:\agh ust\thesis\project\project\release\vc141.pdb' is corrupted; some symbols and types may not be accessible from the debugger
main.obj : warning LNK4020: a type record in 'd:\agh ust\thesis\project\project\release\vc141.pdb' is corrupted; some symbols and types may not be accessible from the debugger
material.obj : warning LNK4020: a type record in 'd:\agh ust\thesis\project\project\release\vc141.pdb' is corrupted; some symbols and types may not be accessible from the debugger
mesh.obj : warning LNK4020: a type record in 'd:\agh ust\thesis\project\project\release\vc141.pdb' is corrupted; some symbols and types may not be accessible from the debugger
model.obj : warning LNK4020: a type record in 'd:\agh ust\thesis\project\project\release\vc141.pdb' is corrupted; some symbols and types may not be accessible from the debugger
objLoader.obj : warning LNK4020: a type record in 'd:\agh ust\thesis\project\project\release\vc141.pdb' is corrupted; some symbols and types may not be accessible from the debugger
pair.obj : warning LNK4020: a type record in 'd:\agh ust\thesis\project\project\release\vc141.pdb' is corrupted; some symbols and types may not be accessible from the debugger
shader.obj : warning LNK4020: a type record in 'd:\agh ust\thesis\project\project\release\vc141.pdb' is corrupted; some symbols and types may not be accessible from the debugger
  project.vcxproj -> D:\agh ust\thesis\project\Release\project.exe
